This is pdfTeX, Version 3.1415926-2.5-1.40.14 (MiKTeX 2.9) (preloaded format=pdflatex 2016.1.28)  12 FEB 2016 05:39
entering extended mode
**assignment2.tex
(Z:\wsp\cs595-f13-master\cs595-f13-master\assignment2\assignment2.tex
LaTeX2e <2011/06/27>
Babel <v3.8m> and hyphenation patterns for english, afrikaans, ancientgreek, ar
abic, armenian, assamese, basque, bengali, bokmal, bulgarian, catalan, coptic, 
croatian, czech, danish, dutch, esperanto, estonian, farsi, finnish, french, ga
lician, german, german-x-2013-05-26, greek, gujarati, hindi, hungarian, iceland
ic, indonesian, interlingua, irish, italian, kannada, kurmanji, latin, latvian,
 lithuanian, malayalam, marathi, mongolian, mongolianlmc, monogreek, ngerman, n
german-x-2013-05-26, nynorsk, oriya, panjabi, pinyin, polish, portuguese, roman
ian, russian, sanskrit, serbian, slovak, slovenian, spanish, swedish, swissgerm
an, tamil, telugu, turkish, turkmen, ukenglish, ukrainian, uppersorbian, usengl
ishmax, welsh, loaded.
("C:\Program Files (x86)\MiKTeX 2.9\tex\latex\base\article.cls"
Document Class: article 2007/10/19 v1.4h Standard LaTeX document class
("C:\Program Files (x86)\MiKTeX 2.9\tex\latex\base\size11.clo"
File: size11.clo 2007/10/19 v1.4h Standard LaTeX file (size option)
)
\c@part=\count79
\c@section=\count80
\c@subsection=\count81
\c@subsubsection=\count82
\c@paragraph=\count83
\c@subparagraph=\count84
\c@figure=\count85
\c@table=\count86
\abovecaptionskip=\skip41
\belowcaptionskip=\skip42
\bibindent=\dimen102
)
("C:\Program Files (x86)\MiKTeX 2.9\tex\latex\graphics\graphicx.sty"
Package: graphicx 1999/02/16 v1.0f Enhanced LaTeX Graphics (DPC,SPQR)

("C:\Program Files (x86)\MiKTeX 2.9\tex\latex\graphics\keyval.sty"
Package: keyval 1999/03/16 v1.13 key=value parser (DPC)
\KV@toks@=\toks14
)
("C:\Program Files (x86)\MiKTeX 2.9\tex\latex\graphics\graphics.sty"
Package: graphics 2009/02/05 v1.0o Standard LaTeX Graphics (DPC,SPQR)

("C:\Program Files (x86)\MiKTeX 2.9\tex\latex\graphics\trig.sty"
Package: trig 1999/03/16 v1.09 sin cos tan (DPC)
)
("C:\Program Files (x86)\MiKTeX 2.9\tex\latex\00miktex\graphics.cfg"
File: graphics.cfg 2007/01/18 v1.5 graphics configuration of teTeX/TeXLive
)
Package graphics Info: Driver file: pdftex.def on input line 91.

("C:\Program Files (x86)\MiKTeX 2.9\tex\latex\pdftex-def\pdftex.def"
File: pdftex.def 2011/05/27 v0.06d Graphics/color for pdfTeX

("C:\Program Files (x86)\MiKTeX 2.9\tex\generic\oberdiek\infwarerr.sty"
Package: infwarerr 2010/04/08 v1.3 Providing info/warning/error messages (HO)
)
("C:\Program Files (x86)\MiKTeX 2.9\tex\generic\oberdiek\ltxcmds.sty"
Package: ltxcmds 2011/11/09 v1.22 LaTeX kernel commands for general use (HO)
)
\Gread@gobject=\count87
))
\Gin@req@height=\dimen103
\Gin@req@width=\dimen104
)
(C:\Users\mkompal\AppData\Roaming\MiKTeX\2.9\tex\latex\listings\listings.sty
\lst@mode=\count88
\lst@gtempboxa=\box26
\lst@token=\toks15
\lst@length=\count89
\lst@currlwidth=\dimen105
\lst@column=\count90
\lst@pos=\count91
\lst@lostspace=\dimen106
\lst@width=\dimen107
\lst@newlines=\count92
\lst@lineno=\count93
\lst@maxwidth=\dimen108

(C:\Users\mkompal\AppData\Roaming\MiKTeX\2.9\tex\latex\listings\lstmisc.sty
File: lstmisc.sty 2015/06/04 1.6 (Carsten Heinz)
\c@lstnumber=\count94
\lst@skipnumbers=\count95
\lst@framebox=\box27
)
(C:\Users\mkompal\AppData\Roaming\MiKTeX\2.9\tex\latex\listings\listings.cfg
File: listings.cfg 2015/06/04 1.6 listings configuration
))
Package: listings 2015/06/04 1.6 (Carsten Heinz)

(C:\Users\mkompal\AppData\Roaming\MiKTeX\2.9\tex\generic\genmisc\nth.sty
Package: nth 2002/02/27
)
(Z:\wsp\cs595-f13-master\cs595-f13-master\assignment2\assignment2.aux

LaTeX Warning: Label `lst:q1-1' multiply defined.

)
LaTeX Font Info:    Checking defaults for OML/cmm/m/it on input line 11.
LaTeX Font Info:    ... okay on input line 11.
LaTeX Font Info:    Checking defaults for T1/cmr/m/n on input line 11.
LaTeX Font Info:    ... okay on input line 11.
LaTeX Font Info:    Checking defaults for OT1/cmr/m/n on input line 11.
LaTeX Font Info:    ... okay on input line 11.
LaTeX Font Info:    Checking defaults for OMS/cmsy/m/n on input line 11.
LaTeX Font Info:    ... okay on input line 11.
LaTeX Font Info:    Checking defaults for OMX/cmex/m/n on input line 11.
LaTeX Font Info:    ... okay on input line 11.
LaTeX Font Info:    Checking defaults for U/cmr/m/n on input line 11.
LaTeX Font Info:    ... okay on input line 11.
 (C:\Users\mkompal\AppData\Roaming\MiKTeX\2.9\tex\context\base\supp-pdf.mkii
[Loading MPS to PDF converter (version 2006.09.02).]
\scratchcounter=\count96
\scratchdimen=\dimen109
\scratchbox=\box28
\nofMPsegments=\count97
\nofMParguments=\count98
\everyMPshowfont=\toks16
\MPscratchCnt=\count99
\MPscratchDim=\dimen110
\MPnumerator=\count100
\makeMPintoPDFobject=\count101
\everyMPtoPDFconversion=\toks17
)
\c@lstlisting=\count102
 [1

{C:/Users/mkompal/AppData/Local/MiKTeX/2.9/pdftex/config/pdftex.map}]
(Z:\wsp\cs595-f13-master\cs595-f13-master\assignment2\assignment2.toc
LaTeX Font Info:    External font `cmex10' loaded for size
(Font)              <10.95> on input line 2.
LaTeX Font Info:    External font `cmex10' loaded for size
(Font)              <8> on input line 2.
LaTeX Font Info:    External font `cmex10' loaded for size
(Font)              <6> on input line 2.
)
\tf@toc=\write3
 [1]
Overfull \hbox (2.16733pt too wide) in paragraph at lines 56--56
[]\OT1/cmtt/m/n/10.95 1.  Write a Python program that extracts 1000 unique link
s from[] 
 []


Overfull \hbox (117.14108pt too wide) in paragraph at lines 56--56
[]\OT1/cmtt/m/n/10.95 http://thomassileo.com/blog/2013/01/25/using-twitter-rest
-api-v1-dot-1-with-python/[] 
 []


Overfull \hbox (42.40814pt too wide) in paragraph at lines 56--56
[]\OT1/cmtt/m/n/10.95 But there are many other similar resources available on t
he web.  Note[] 
 []


Overfull \hbox (36.65945pt too wide) in paragraph at lines 56--56
[]\OT1/cmtt/m/n/10.95 that only Twitter API 1.1 is currently available; version
 1 code will[] 
 []


Overfull \hbox (42.40814pt too wide) in paragraph at lines 56--56
[]\OT1/cmtt/m/n/10.95 Also note that you need to verify that the final target U
RI (i.e., the[] 
 []


Overfull \hbox (48.15683pt too wide) in paragraph at lines 56--56
[]\OT1/cmtt/m/n/10.95 one that responds with a 200) is unique.  You could have 
many different[] 
 []


Overfull \hbox (13.6647pt too wide) in paragraph at lines 56--56
[]\OT1/cmtt/m/n/10.95 You might want to use the search feature to find URIs, or
 you can[] 
 []


Overfull \hbox (2.16733pt too wide) in paragraph at lines 56--56
[]\OT1/cmtt/m/n/10.95 pull them from the feed of someone famous (e.g., Tim O'Re
illy).[] 
 []


Overfull \hbox (59.6542pt too wide) in paragraph at lines 56--56
[]\OT1/cmtt/m/n/10.95 Hold on to this collection -- we'll use it later througho
ut the semester.[] 
 []

[2]
Missing character: There is no â in font cmr10!
Missing character: There is no € in font cmr10!
Missing character: There is no ™ in font cmr10!

Underfull \hbox (badness 10000) in paragraph at lines 72--73

 []

(C:\Users\mkompal\AppData\Roaming\MiKTeX\2.9\tex\latex\listings\lstlang1.sty
File: lstlang1.sty 2015/06/04 1.6 listings language file
)
(Z:\wsp\cs595-f13-master\cs595-f13-master\assignment2\links.py
LaTeX Font Info:    External font `cmex10' loaded for size
(Font)              <9> on input line 10.
LaTeX Font Info:    External font `cmex10' loaded for size
(Font)              <5> on input line 10.
 [3]
LaTeX Font Info:    Try loading font information for OMS+cmr on input line 25.

("C:\Program Files (x86)\MiKTeX 2.9\tex\latex\base\omscmr.fd"
File: omscmr.fd 1999/05/25 v2.5h Standard LaTeX font definitions
)
LaTeX Font Info:    Font shape `OMS/cmr/m/n' in size <9> not available
(Font)              Font shape `OMS/cmsy/m/n' tried instead on input line 25.
) [4]
Underfull \hbox (badness 10000) in paragraph at lines 77--78

 []

(Z:\wsp\cs595-f13-master\cs595-f13-master\assignment2\reduced.json) [5]
Overfull \hbox (59.6542pt too wide) in paragraph at lines 98--98
[]\OT1/cmtt/m/n/10.95 2.  Download the TimeMaps for each of the target URIs.  W
e'll use the ODU[] 
 []


Overfull \hbox (105.6437pt too wide) in paragraph at lines 98--98
[]\OT1/cmtt/m/n/10.95 URI-T = http://mementoproxy.cs.odu.edu/aggr/timemap/link/
1/http://www.cs.odu.edu/[] 
 []


Overfull \hbox (30.91077pt too wide) in paragraph at lines 98--98
[]\OT1/cmtt/m/n/10.95 Create a histogram* of URIs vs. number of Mementos (as co
mputed from[] 
 []


Overfull \hbox (2.16733pt too wide) in paragraph at lines 98--98
[]\OT1/cmtt/m/n/10.95 the TimeMaps).  For example, 100 URIs with 0 Mementos, 30
0 URIs[] 
 []

[6] (Z:\wsp\cs595-f13-master\cs595-f13-master\assignment2\memcount.py
LaTeX Font Info:    Try loading font information for OML+cmr on input line 28.

("C:\Program Files (x86)\MiKTeX 2.9\tex\latex\base\omlcmr.fd"
File: omlcmr.fd 1999/05/25 v2.5h Standard LaTeX font definitions
)
LaTeX Font Info:    Font shape `OML/cmr/m/n' in size <9> not available
(Font)              Font shape `OML/cmm/m/it' tried instead on input line 28.
 [7])
(C:\Users\mkompal\AppData\Roaming\MiKTeX\2.9\tex\latex\listings\lstlang1.sty
File: lstlang1.sty 2015/06/04 1.6 listings language file
)
(C:\Users\mkompal\AppData\Roaming\MiKTeX\2.9\tex\latex\listings\lstlang2.sty
File: lstlang2.sty 2015/06/04 1.6 listings language file
)
(C:\Users\mkompal\AppData\Roaming\MiKTeX\2.9\tex\latex\listings\lstlang3.sty
File: lstlang3.sty 2015/06/04 1.6 listings language file
)
(Z:\wsp\cs595-f13-master\cs595-f13-master\assignment2\finalhistogram.R)
<plot1.png, id=38, 569.12625pt x 568.1225pt>
File: plot1.png Graphic file (type png)
 <use plot1.png>
Package pdftex.def Info: plot1.png used on input line 122.
(pdftex.def)             Requested size: 284.56242pt x 284.06055pt.

<plot3.png, id=39, 1429.34pt x 669.50125pt>
File: plot3.png Graphic file (type png)
 <use plot3.png>
Package pdftex.def Info: plot3.png used on input line 127.
(pdftex.def)             Requested size: 428.80531pt x 200.85191pt.

Overfull \hbox (68.80531pt too wide) in paragraph at lines 127--128
[][] 
 []

[8] [9 <Z:/wsp/cs595-f13-master/cs595-f13-master/assignment2/plot1.png>]
Overfull \hbox (48.15683pt too wide) in paragraph at lines 146--146
[]\OT1/cmtt/m/n/10.95 Estimate the age of each of the 1000 URIs using the "Carb
on Date" tool:[] 
 []


Overfull \hbox (25.16208pt too wide) in paragraph at lines 146--146
[]\OT1/cmtt/m/n/10.95 http://ws-dl.blogspot.com/2013/04/2013-04-19-carbon-datin
g-web.html[] 
 []


Overfull \hbox (53.90552pt too wide) in paragraph at lines 146--146
[]\OT1/cmtt/m/n/10.95 Note: you'll have to download the tool and install; don't
 try to use the[] 
 []


Overfull \hbox (2.16733pt too wide) in paragraph at lines 146--146
[]\OT1/cmtt/m/n/10.95 For URIs that have > 0 Mementos and an estimated creation
 date,[] 
 []


Overfull \hbox (30.91077pt too wide) in paragraph at lines 146--146
[]\OT1/cmtt/m/n/10.95 create a graph with age (in days) on one axis and number 
of mementos[] 
 []

[10 <Z:/wsp/cs595-f13-master/cs595-f13-master/assignment2/plot3.png>]
(Z:\wsp\cs595-f13-master\cs595-f13-master\assignment2\memcount.py [11])
(Z:\wsp\cs595-f13-master\cs595-f13-master\assignment2\local.py [12] [13]
[14]) (Z:\wsp\cs595-f13-master\cs595-f13-master\assignment2\days.py)
(Z:\wsp\cs595-f13-master\cs595-f13-master\assignment2\graphcmds.R)
<graph1.png, id=64, 569.12625pt x 568.1225pt>
File: graph1.png Graphic file (type png)
 <use graph1.png>
Package pdftex.def Info: graph1.png used on input line 169.
(pdftex.def)             Requested size: 318.70853pt x 318.14642pt.

(Z:\wsp\cs595-f13-master\cs595-f13-master\assignment2\assignment2.bbl [15]
[16 <Z:/wsp/cs595-f13-master/cs595-f13-master/assignment2/graph1.png>]
Overfull \hbox (40.47852pt too wide) in paragraph at lines 9--11
[]\OT1/cmr/m/n/10.95 Date time func-tion in python.  https://docs.python.org/2/
library/datetime.htmll. 
 []


Underfull \hbox (badness 10000) in paragraph at lines 13--16
[]\OT1/cmr/m/n/10.95 R his-togram.  http://www.r-tutor.com/elementary-
 []


Overfull \hbox (18.42627pt too wide) in paragraph at lines 22--24
[]\OT1/cmr/m/n/10.95 Tweepy li-brary doc-u-men-ta-tion.  http://docs.tweepy.org
/en/latest/api.html/. 
 []


Overfull \hbox (27.67293pt too wide) in paragraph at lines 26--29
[]\OT1/cmr/m/n/10.95 Writing json data to file:.  http://stackoverflow.com/ques
tions/899103/writing-
 []

) [17] (Z:\wsp\cs595-f13-master\cs595-f13-master\assignment2\assignment2.aux)

LaTeX Warning: There were multiply-defined labels.

 ) 
Here is how much of TeX's memory you used:
 3489 strings out of 493921
 47797 string characters out of 3144870
 331940 words of memory out of 3000000
 6750 multiletter control sequences out of 15000+200000
 9929 words of font info for 35 fonts, out of 3000000 for 9000
 841 hyphenation exceptions out of 8191
 30i,7n,43p,540b,1697s stack positions out of 5000i,500n,10000p,200000b,50000s
<C:/Program Files (x86)/MiKTeX 2.9/fonts/type1/public/amsfonts/cm/cmbx10.pfb>
<C:/Program Files (x86)/MiKTeX 2.9/fonts/type1/public/amsfonts/cm/cmbx12.pfb><C
:/Program Files (x86)/MiKTeX 2.9/fonts/type1/public/amsfonts/cm/cmbx9.pfb><C:/P
rogram Files (x86)/MiKTeX 2.9/fonts/type1/public/amsfonts/cm/cmmi9.pfb><C:/Prog
ram Files (x86)/MiKTeX 2.9/fonts/type1/public/amsfonts/cm/cmr10.pfb><C:/Program
 Files (x86)/MiKTeX 2.9/fonts/type1/public/amsfonts/cm/cmr12.pfb><C:/Program Fi
les (x86)/MiKTeX 2.9/fonts/type1/public/amsfonts/cm/cmr17.pfb><C:/Program Files
 (x86)/MiKTeX 2.9/fonts/type1/public/amsfonts/cm/cmr9.pfb><C:/Program Files (x8
6)/MiKTeX 2.9/fonts/type1/public/amsfonts/cm/cmsy9.pfb><C:/Program Files (x86)/
MiKTeX 2.9/fonts/type1/public/amsfonts/cm/cmti9.pfb><C:/Program Files (x86)/MiK
TeX 2.9/fonts/type1/public/amsfonts/cm/cmtt10.pfb>
Output written on assignment2.pdf (18 pages, 222625 bytes).
PDF statistics:
 110 PDF objects out of 1000 (max. 8388607)
 0 named destinations out of 1000 (max. 500000)
 16 words of extra memory for PDF output out of 10000 (max. 10000000)

