This is pdfTeX, Version 3.1415926-2.5-1.40.14 (MiKTeX 2.9) (preloaded format=pdflatex 2016.1.28)  19 FEB 2016 01:16
entering extended mode
**assignment3.tex
(Z:\wsprograms\a3\files\assignment3.tex
LaTeX2e <2011/06/27>
Babel <v3.8m> and hyphenation patterns for english, afrikaans, ancientgreek, ar
abic, armenian, assamese, basque, bengali, bokmal, bulgarian, catalan, coptic, 
croatian, czech, danish, dutch, esperanto, estonian, farsi, finnish, french, ga
lician, german, german-x-2013-05-26, greek, gujarati, hindi, hungarian, iceland
ic, indonesian, interlingua, irish, italian, kannada, kurmanji, latin, latvian,
 lithuanian, malayalam, marathi, mongolian, mongolianlmc, monogreek, ngerman, n
german-x-2013-05-26, nynorsk, oriya, panjabi, pinyin, polish, portuguese, roman
ian, russian, sanskrit, serbian, slovak, slovenian, spanish, swedish, swissgerm
an, tamil, telugu, turkish, turkmen, ukenglish, ukrainian, uppersorbian, usengl
ishmax, welsh, loaded.
("C:\Program Files (x86)\MiKTeX 2.9\tex\latex\base\article.cls"
Document Class: article 2007/10/19 v1.4h Standard LaTeX document class
("C:\Program Files (x86)\MiKTeX 2.9\tex\latex\base\size11.clo"
File: size11.clo 2007/10/19 v1.4h Standard LaTeX file (size option)
)
\c@part=\count79
\c@section=\count80
\c@subsection=\count81
\c@subsubsection=\count82
\c@paragraph=\count83
\c@subparagraph=\count84
\c@figure=\count85
\c@table=\count86
\abovecaptionskip=\skip41
\belowcaptionskip=\skip42
\bibindent=\dimen102
)
("C:\Program Files (x86)\MiKTeX 2.9\tex\latex\graphics\graphicx.sty"
Package: graphicx 1999/02/16 v1.0f Enhanced LaTeX Graphics (DPC,SPQR)

("C:\Program Files (x86)\MiKTeX 2.9\tex\latex\graphics\keyval.sty"
Package: keyval 1999/03/16 v1.13 key=value parser (DPC)
\KV@toks@=\toks14
)
("C:\Program Files (x86)\MiKTeX 2.9\tex\latex\graphics\graphics.sty"
Package: graphics 2009/02/05 v1.0o Standard LaTeX Graphics (DPC,SPQR)

("C:\Program Files (x86)\MiKTeX 2.9\tex\latex\graphics\trig.sty"
Package: trig 1999/03/16 v1.09 sin cos tan (DPC)
)
("C:\Program Files (x86)\MiKTeX 2.9\tex\latex\00miktex\graphics.cfg"
File: graphics.cfg 2007/01/18 v1.5 graphics configuration of teTeX/TeXLive
)
Package graphics Info: Driver file: pdftex.def on input line 91.

("C:\Program Files (x86)\MiKTeX 2.9\tex\latex\pdftex-def\pdftex.def"
File: pdftex.def 2011/05/27 v0.06d Graphics/color for pdfTeX

("C:\Program Files (x86)\MiKTeX 2.9\tex\generic\oberdiek\infwarerr.sty"
Package: infwarerr 2010/04/08 v1.3 Providing info/warning/error messages (HO)
)
("C:\Program Files (x86)\MiKTeX 2.9\tex\generic\oberdiek\ltxcmds.sty"
Package: ltxcmds 2011/11/09 v1.22 LaTeX kernel commands for general use (HO)
)
\Gread@gobject=\count87
))
\Gin@req@height=\dimen103
\Gin@req@width=\dimen104
)
(C:\Users\mkompal\AppData\Roaming\MiKTeX\2.9\tex\latex\listings\listings.sty
\lst@mode=\count88
\lst@gtempboxa=\box26
\lst@token=\toks15
\lst@length=\count89
\lst@currlwidth=\dimen105
\lst@column=\count90
\lst@pos=\count91
\lst@lostspace=\dimen106
\lst@width=\dimen107
\lst@newlines=\count92
\lst@lineno=\count93
\lst@maxwidth=\dimen108

(C:\Users\mkompal\AppData\Roaming\MiKTeX\2.9\tex\latex\listings\lstmisc.sty
File: lstmisc.sty 2015/06/04 1.6 (Carsten Heinz)
\c@lstnumber=\count94
\lst@skipnumbers=\count95
\lst@framebox=\box27
)
(C:\Users\mkompal\AppData\Roaming\MiKTeX\2.9\tex\latex\listings\listings.cfg
File: listings.cfg 2015/06/04 1.6 listings configuration
))
Package: listings 2015/06/04 1.6 (Carsten Heinz)

(Z:\wsprograms\a3\files\assignment3.aux)
LaTeX Font Info:    Checking defaults for OML/cmm/m/it on input line 11.
LaTeX Font Info:    ... okay on input line 11.
LaTeX Font Info:    Checking defaults for T1/cmr/m/n on input line 11.
LaTeX Font Info:    ... okay on input line 11.
LaTeX Font Info:    Checking defaults for OT1/cmr/m/n on input line 11.
LaTeX Font Info:    ... okay on input line 11.
LaTeX Font Info:    Checking defaults for OMS/cmsy/m/n on input line 11.
LaTeX Font Info:    ... okay on input line 11.
LaTeX Font Info:    Checking defaults for OMX/cmex/m/n on input line 11.
LaTeX Font Info:    ... okay on input line 11.
LaTeX Font Info:    Checking defaults for U/cmr/m/n on input line 11.
LaTeX Font Info:    ... okay on input line 11.

(C:\Users\mkompal\AppData\Roaming\MiKTeX\2.9\tex\context\base\supp-pdf.mkii
[Loading MPS to PDF converter (version 2006.09.02).]
\scratchcounter=\count96
\scratchdimen=\dimen109
\scratchbox=\box28
\nofMPsegments=\count97
\nofMParguments=\count98
\everyMPshowfont=\toks16
\MPscratchCnt=\count99
\MPscratchDim=\dimen110
\MPnumerator=\count100
\makeMPintoPDFobject=\count101
\everyMPtoPDFconversion=\toks17
)
\c@lstlisting=\count102
 [1

{C:/Users/mkompal/AppData/Local/MiKTeX/2.9/pdftex/config/pdftex.map}]
Overfull \hbox (19.41339pt too wide) in paragraph at lines 66--66
[]\OT1/cmtt/m/n/10.95 1.  Download the 1000 URIs from assignment #2.  "curl", "
wget", or[] 
 []


Overfull \hbox (7.91602pt too wide) in paragraph at lines 66--66
[]\OT1/cmtt/m/n/10.95 "lynx" are all good candidate programs to use.  We want j
ust the[] 
 []


Overfull \hbox (2.16733pt too wide) in paragraph at lines 66--66
[]\OT1/cmtt/m/n/10.95 "www.cnn.com" is just an example output file name, keep i
n mind[] 
 []


Overfull \hbox (19.41339pt too wide) in paragraph at lines 66--66
[]\OT1/cmtt/m/n/10.95 that the shell will not like some of the characters that 
can occur[] 
 []


Overfull \hbox (13.6647pt too wide) in paragraph at lines 66--66
[]\OT1/cmtt/m/n/10.95 in URIs (e.g., "?", "&").  You might want to hash the URI
s, like:[] 
 []


Overfull \hbox (13.6647pt too wide) in paragraph at lines 66--66
[]\OT1/cmtt/m/n/10.95 ("md5sum" on some machines; note the "-n" in echo -- this
 removes[] 
 []


Overfull \hbox (7.91602pt too wide) in paragraph at lines 66--66
[]\OT1/cmtt/m/n/10.95 Now use a tool to remove (most) of the HTML markup.  "lyn
x" will[] 
 []

LaTeX Font Info:    External font `cmex10' loaded for size
(Font)              <9> on input line 73.
LaTeX Font Info:    External font `cmex10' loaded for size
(Font)              <6> on input line 73.
LaTeX Font Info:    External font `cmex10' loaded for size
(Font)              <5> on input line 73.
LaTeX Font Info:    Try loading font information for OML+cmr on input line 73.
("C:\Program Files (x86)\MiKTeX 2.9\tex\latex\base\omlcmr.fd"
File: omlcmr.fd 1999/05/25 v2.5h Standard LaTeX font definitions
)
LaTeX Font Info:    Font shape `OML/cmr/m/n' in size <9> not available
(Font)              Font shape `OML/cmm/m/it' tried instead on input line 73.
 [1]
(C:\Users\mkompal\AppData\Roaming\MiKTeX\2.9\tex\latex\listings\lstlang1.sty
File: lstlang1.sty 2015/06/04 1.6 listings language file
)
(Z:\wsprograms\a3\files\extract.py [2])
<sampleraw.png, id=21, 637.63219pt x 644.4075pt>
File: sampleraw.png Graphic file (type png)
 <use sampleraw.png>
Package pdftex.def Info: sampleraw.png used on input line 91.
(pdftex.def)             Requested size: 382.58226pt x 386.64748pt.

Overfull \hbox (22.58226pt too wide) in paragraph at lines 91--92
[][] 
 []

<sampleprocessed.png, id=23, 525.46312pt x 688.07062pt>
File: sampleprocessed.png Graphic file (type png)

<use sampleprocessed.png>
Package pdftex.def Info: sampleprocessed.png used on input line 95.
(pdftex.def)             Requested size: 315.2803pt x 412.84555pt.
 [3] [4 <Z:/wsprograms/a3/files/sampleraw.png>]
[5 <Z:/wsprograms/a3/files/sampleprocessed.png>] [6]
Missing character: There is no â in font cmr10!
Missing character: There is no € in font cmr10!
Missing character: There is no “ in font cmr10!

(Z:\wsprograms\a3\files\tfidf.py
LaTeX Font Info:    Try loading font information for OMS+cmr on input line 2.

("C:\Program Files (x86)\MiKTeX 2.9\tex\latex\base\omscmr.fd"
File: omscmr.fd 1999/05/25 v2.5h Standard LaTeX font definitions
)
LaTeX Font Info:    Font shape `OMS/cmr/m/it' in size <9> not available
(Font)              Font shape `OMS/cmsy/m/n' tried instead on input line 2.
 [7]
LaTeX Font Info:    Font shape `OMS/cmr/m/n' in size <9> not available
(Font)              Font shape `OMS/cmsy/m/n' tried instead on input line 35.
) [8]
(Z:\wsprograms\a3\files\ten_files.txt) (Z:\wsprograms\a3\files\tfidfsorted.txt)
[9]
Overfull \hbox (13.6647pt too wide) in paragraph at lines 216--216
[]\OT1/cmtt/m/n/10.95 by their PageRank.  Use any of the free PR estimaters on 
the web,[] 
 []


Overfull \hbox (2.16733pt too wide) in paragraph at lines 216--216
[]\OT1/cmtt/m/n/10.95 If you use these tools, you'll have to do so by hand (the
y have[] 
 []


Overfull \hbox (2.16733pt too wide) in paragraph at lines 216--216
[]\OT1/cmtt/m/n/10.95 anti-bot captchas), but there is only 10.  Normalize the 
values[] 
 []


Overfull \hbox (2.16733pt too wide) in paragraph at lines 216--216
[]\OT1/cmtt/m/n/10.95 they give you to be from 0 to 1.0.  Use the same tool on 
all 10[] 
 []


Overfull \hbox (13.6647pt too wide) in paragraph at lines 216--216
[]\OT1/cmtt/m/n/10.95 Briefly compare and contrast the rankings produced in que
stions 2[] 
 []

[10] (Z:\wsprograms\a3\files\pagerank.txt) [11]
Overfull \hbox (25.16208pt too wide) in paragraph at lines 251--251
[]\OT1/cmtt/m/n/10.95 4.  Compute the Kendall Tau_b score for both lists (use "
b" because[] 
 []


Overfull \hbox (19.41339pt too wide) in paragraph at lines 251--251
[]\OT1/cmtt/m/n/10.95 there will likely be tie values in the rankings).  Report
 both the[] 
 []


Overfull \hbox (191.87402pt too wide) in paragraph at lines 251--251
[]\OT1/cmtt/m/n/10.95 http://stackoverflow.com/questions/2557863/measures-of-as
sociation-in-r-kendalls-tau-b-and-tau-c[] 
 []


Overfull \hbox (71.15158pt too wide) in paragraph at lines 251--251
[]\OT1/cmtt/m/n/10.95 http://en.wikipedia.org/wiki/Kendall_tau_rank_correlation
_coefficient#Tau-b[] 
 []

[12] (Z:\wsprograms\a3\files\kendall.R
Overfull \hbox (98.45145pt too wide) in paragraph at lines 1--2
[][] 
 []

) <output.png, id=59, 514.92375pt x 281.55188pt>
File: output.png Graphic file (type png)
 <use output.png>
Package pdftex.def Info: output.png used on input line 259.
(pdftex.def)             Requested size: 360.44417pt x 197.08496pt.
 [13 <Z:/wsprograms/a3/files/output.png>] (Z:\wsprograms\a3\files\assignment3.b
bl
Underfull \hbox (badness 10000) in paragraph at lines 4--7
[]\OT1/cmr/m/n/10.95 Tutorial to run Shell Com-mands in Python:.
 []


Underfull \hbox (badness 10000) in paragraph at lines 4--7
\OT1/cmr/m/n/10.95 http://unix.stackexchange.com/questions/238180/execute-shell
-
 []


Underfull \hbox (badness 4168) in paragraph at lines 13--16
[]\OT1/cmr/m/n/10.95 Using Grep com-mand to re-trieve find files match-ing key-
word
 []


Underfull \hbox (badness 10000) in paragraph at lines 22--25
[]\OT1/cmr/m/n/10.95 Web Ser-vice to find the page rank of a URI:.
 []


Underfull \hbox (badness 10000) in paragraph at lines 27--30
[]\OT1/cmr/m/n/10.95 Seperating char-ac-ters and dig-its from a string:.
 []


Underfull \hbox (badness 10000) in paragraph at lines 27--30
\OT1/cmr/m/n/10.95 http://stackoverflow.com/questions/1450897/python-removing-
 []

) [14] (Z:\wsprograms\a3\files\assignment3.aux) ) 
Here is how much of TeX's memory you used:
 2740 strings out of 493921
 37815 string characters out of 3144870
 209240 words of memory out of 3000000
 6024 multiletter control sequences out of 15000+200000
 8560 words of font info for 31 fonts, out of 3000000 for 9000
 841 hyphenation exceptions out of 8191
 30i,6n,43p,358b,1660s stack positions out of 5000i,500n,10000p,200000b,50000s
<C:/Program Files (x86)/MiKTeX
 2.9/fonts/type1/public/amsfonts/cm/cmbx12.pfb><C:/Program Files (x86)/MiKTeX 2
.9/fonts/type1/public/amsfonts/cm/cmbx9.pfb><C:/Program Files (x86)/MiKTeX 2.9/
fonts/type1/public/amsfonts/cm/cmmi9.pfb><C:/Program Files (x86)/MiKTeX 2.9/fon
ts/type1/public/amsfonts/cm/cmr10.pfb><C:/Program Files (x86)/MiKTeX 2.9/fonts/
type1/public/amsfonts/cm/cmr12.pfb><C:/Program Files (x86)/MiKTeX 2.9/fonts/typ
e1/public/amsfonts/cm/cmr17.pfb><C:/Program Files (x86)/MiKTeX 2.9/fonts/type1/
public/amsfonts/cm/cmr9.pfb><C:/Program Files (x86)/MiKTeX 2.9/fonts/type1/publ
ic/amsfonts/cm/cmsy9.pfb><C:/Program Files (x86)/MiKTeX 2.9/fonts/type1/public/
amsfonts/cm/cmti9.pfb><C:/Program Files (x86)/MiKTeX 2.9/fonts/type1/public/ams
fonts/cm/cmtt10.pfb><C:/Program Files (x86)/MiKTeX 2.9/fonts/type1/public/amsfo
nts/cm/cmtt8.pfb>
Output written on assignment3.pdf (15 pages, 258446 bytes).
PDF statistics:
 102 PDF objects out of 1000 (max. 8388607)
 0 named destinations out of 1000 (max. 500000)
 16 words of extra memory for PDF output out of 10000 (max. 10000000)

