\BOOKMARK [1][-]{section.1}{Question 1: }{}% 1
\BOOKMARK [2][-]{subsection.1.1}{Approach}{section.1}% 2
\BOOKMARK [2][-]{subsection.1.2}{Code Listing}{section.1}% 3
\BOOKMARK [3][-]{subsubsection.1.2.1}{makelist.py}{subsection.1.2}% 4
\BOOKMARK [3][-]{subsubsection.1.2.2}{numpredict.py}{subsection.1.2}% 5
\BOOKMARK [2][-]{subsection.1.3}{Output}{section.1}% 6
\BOOKMARK [3][-]{subsubsection.1.3.1}{F-Measure blog output}{subsection.1.3}% 7
\BOOKMARK [3][-]{subsubsection.1.3.2}{Web science blog output}{subsection.1.3}% 8
\BOOKMARK [1][-]{section.2}{Question 2: }{}% 9
\BOOKMARK [2][-]{subsection.2.1}{Approach}{section.2}% 10
\BOOKMARK [1][-]{section.3}{Question 3: }{}% 11
\BOOKMARK [2][-]{subsection.3.1}{Approach}{section.3}% 12
\BOOKMARK [2][-]{subsection.3.2}{Code Listing}{section.3}% 13
\BOOKMARK [3][-]{subsubsection.3.2.1}{memcount.py}{subsection.3.2}% 14
\BOOKMARK [2][-]{subsection.3.3}{Generating graph}{section.3}% 15
\BOOKMARK [3][-]{subsubsection.3.3.1}{Rcommands.R}{subsection.3.3}% 16
\BOOKMARK [2][-]{subsection.3.4}{Output Files}{section.3}% 17
\BOOKMARK [3][-]{subsubsection.3.4.1}{Output graph}{subsection.3.4}% 18
\BOOKMARK [1][-]{section.4}{Question 4: }{}% 19
\BOOKMARK [2][-]{subsection.4.1}{Approach}{section.4}% 20
\BOOKMARK [2][-]{subsection.4.2}{Code Listing}{section.4}% 21
\BOOKMARK [3][-]{subsubsection.4.2.1}{For extracting raw and processed URIs \(extract.py\)}{subsection.4.2}% 22
\BOOKMARK [3][-]{subsubsection.4.2.2}{To find the size of the size of either raw or processed files\(size.py\)}{subsection.4.2}% 23
\BOOKMARK [3][-]{subsubsection.4.2.3}{To find the number of URIs exiting with status 200 \(statuscode.py\)}{subsection.4.2}% 24
\BOOKMARK [3][-]{subsubsection.4.2.4}{Generating graph}{subsection.4.2}% 25
\BOOKMARK [2][-]{subsection.4.3}{Output}{section.4}% 26
