\BOOKMARK [1][-]{section.1}{Question 1: }{}% 1
\BOOKMARK [2][-]{subsection.1.1}{Approach}{section.1}% 2
\BOOKMARK [2][-]{subsection.1.2}{Code Listing}{section.1}% 3
\BOOKMARK [3][-]{subsubsection.1.2.1}{getBlogs.py to generate 100 URIs}{subsection.1.2}% 4
\BOOKMARK [3][-]{subsubsection.1.2.2}{countPages.py to find the number of pages in each blog }{subsection.1.2}% 5
\BOOKMARK [3][-]{subsubsection.1.2.3}{matrixcreate.py to create a blog term matrix }{subsection.1.2}% 6
\BOOKMARK [2][-]{subsection.1.3}{Blog term matrix shown in Excel }{section.1}% 7
\BOOKMARK [1][-]{section.2}{Question 2: }{}% 8
\BOOKMARK [2][-]{subsection.2.1}{Approach}{section.2}% 9
\BOOKMARK [2][-]{subsection.2.2}{Code Listing}{section.2}% 10
\BOOKMARK [3][-]{subsubsection.2.2.1}{dgram.py}{subsection.2.2}% 11
\BOOKMARK [2][-]{subsection.2.3}{Output}{section.2}% 12
\BOOKMARK [3][-]{subsubsection.2.3.1}{JPEG Dendogram}{subsection.2.3}% 13
\BOOKMARK [3][-]{subsubsection.2.3.2}{ASCII dendogram}{subsection.2.3}% 14
\BOOKMARK [1][-]{section.3}{Question 3: }{}% 15
\BOOKMARK [2][-]{subsection.3.1}{Approach}{section.3}% 16
\BOOKMARK [2][-]{subsection.3.2}{Code Listing}{section.3}% 17
\BOOKMARK [3][-]{subsubsection.3.2.1}{convert.py}{subsection.3.2}% 18
\BOOKMARK [2][-]{subsection.3.3}{Output}{section.3}% 19
\BOOKMARK [3][-]{subsubsection.3.3.1}{Centroid Values and Iterations}{subsection.3.3}% 20
\BOOKMARK [1][-]{section.4}{Question 4: }{}% 21
\BOOKMARK [2][-]{subsection.4.1}{Approach}{section.4}% 22
\BOOKMARK [2][-]{subsection.4.2}{Code Listing}{section.4}% 23
\BOOKMARK [2][-]{subsection.4.3}{Output}{section.4}% 24
\BOOKMARK [3][-]{subsubsection.4.3.1}{JPEG of blogs using MPS}{subsection.4.3}% 25
\BOOKMARK [1][-]{section.5}{Question 5: }{}% 26
\BOOKMARK [2][-]{subsection.5.1}{Approach}{section.5}% 27
\BOOKMARK [2][-]{subsection.5.2}{Code Listing}{section.5}% 28
\BOOKMARK [2][-]{subsection.5.3}{Output}{section.5}% 29
\BOOKMARK [3][-]{subsubsection.5.3.1}{Output Blog term matrix with tfidf values}{subsection.5.3}% 30
\BOOKMARK [3][-]{subsubsection.5.3.2}{Output JPEG}{subsection.5.3}% 31
