\BOOKMARK [1][-]{section.1}{Question 1: }{}% 1
\BOOKMARK [2][-]{subsection.1.1}{Understanding}{section.1}% 2
\BOOKMARK [2][-]{subsection.1.2}{Implementation}{section.1}% 3
\BOOKMARK [2][-]{subsection.1.3}{Code Listing}{section.1}% 4
\BOOKMARK [3][-]{subsubsection.1.3.1}{karateGroup.py}{subsection.1.3}% 5
\BOOKMARK [2][-]{subsection.1.4}{Input}{section.1}% 6
\BOOKMARK [3][-]{subsubsection.1.4.1}{karate.GraphML}{subsection.1.4}% 7
\BOOKMARK [2][-]{subsection.1.5}{Summary and Output}{section.1}% 8
\BOOKMARK [3][-]{subsubsection.1.5.1}{Initial Graph}{subsection.1.5}% 9
\BOOKMARK [2][-]{subsection.1.6}{Processed graphs}{section.1}% 10
\BOOKMARK [3][-]{subsubsection.1.6.1}{Graph showing actual division based on Faction}{subsection.1.6}% 11
\BOOKMARK [3][-]{subsubsection.1.6.2}{Graph showing actual division based on Faction}{subsection.1.6}% 12
\BOOKMARK [2][-]{subsection.1.7}{Output on console showing removed edges}{section.1}% 13
\BOOKMARK [1][-]{section.2}{Question 2: }{}% 14
\BOOKMARK [2][-]{subsection.2.1}{Understanding}{section.2}% 15
\BOOKMARK [2][-]{subsection.2.2}{Code Listing}{section.2}% 16
\BOOKMARK [3][-]{subsubsection.2.2.1}{karateAll.py}{subsection.2.2}% 17
\BOOKMARK [2][-]{subsection.2.3}{Input}{section.2}% 18
\BOOKMARK [3][-]{subsubsection.2.3.1}{karate.GraphML}{subsection.2.3}% 19
\BOOKMARK [2][-]{subsection.2.4}{Output Files}{section.2}% 20
\BOOKMARK [3][-]{subsubsection.2.4.1}{Intial-graph}{subsection.2.4}% 21
\BOOKMARK [3][-]{subsubsection.2.4.2}{Graph after the split}{subsection.2.4}% 22
