\BOOKMARK [1][-]{section.1}{Question 1: }{}% 1
\BOOKMARK [2][-]{subsection.1.1}{Approach}{section.1}% 2
\BOOKMARK [2][-]{subsection.1.2}{Code Listing}{section.1}% 3
\BOOKMARK [3][-]{subsubsection.1.2.1}{conections.py to generate the follower JSON}{subsection.1.2}% 4
\BOOKMARK [2][-]{subsection.1.3}{Generated JSON file}{section.1}% 5
\BOOKMARK [2][-]{subsection.1.4}{Graph details}{section.1}% 6
\BOOKMARK [2][-]{subsection.1.5}{Force directed graph of twitter followers }{section.1}% 7
\BOOKMARK [2][-]{subsection.1.6}{URI of graph listed in gist}{section.1}% 8
\BOOKMARK [1][-]{section.2}{Question 2: }{}% 9
\BOOKMARK [2][-]{subsection.2.1}{Approach}{section.2}% 10
\BOOKMARK [2][-]{subsection.2.2}{Code Listing}{section.2}% 11
\BOOKMARK [3][-]{subsubsection.2.2.1}{parse.py}{subsection.2.2}% 12
\BOOKMARK [2][-]{subsection.2.3}{Code Listing}{section.2}% 13
\BOOKMARK [3][-]{subsubsection.2.3.1}{undirected.html}{subsection.2.3}% 14
\BOOKMARK [2][-]{subsection.2.4}{Parsed data}{section.2}% 15
\BOOKMARK [3][-]{subsubsection.2.4.1}{JSON response based on first name}{subsection.2.4}% 16
\BOOKMARK [3][-]{subsubsection.2.4.2}{Follower data with gender details}{subsection.2.4}% 17
\BOOKMARK [3][-]{subsubsection.2.4.3}{Graph details}{subsection.2.4}% 18
\BOOKMARK [3][-]{subsubsection.2.4.4}{Force directed graph showing gender homophily}{subsection.2.4}% 19
\BOOKMARK [2][-]{subsection.2.5}{URI of graph listed in gist}{section.2}% 20
\BOOKMARK [1][-]{section.3}{Question 3: }{}% 21
\BOOKMARK [2][-]{subsection.3.1}{Approach}{section.3}% 22
\BOOKMARK [2][-]{subsection.3.2}{Input data}{section.3}% 23
\BOOKMARK [2][-]{subsection.3.3}{Code Listing}{section.3}% 24
\BOOKMARK [3][-]{subsubsection.3.3.1}{convert.py}{subsection.3.3}% 25
\BOOKMARK [2][-]{subsection.3.4}{Output}{section.3}% 26
\BOOKMARK [3][-]{subsubsection.3.4.1}{Without Split}{subsection.3.4}% 27
\BOOKMARK [3][-]{subsubsection.3.4.2}{Karate group with split}{subsection.3.4}% 28
\BOOKMARK [2][-]{subsection.3.5}{URI of graph listed in gist}{section.3}% 29
